<?xml version="1.0" encoding="UTF-8"?>
<!-- Generated by org.testng.reporters.JUnitReportReporter -->
<testsuite skipped="0" hostname="WN-OR14P5Y2M026" name="com.phptravels.testcases.LoginPageTest" tests="1" failures="0" timestamp="11 Aug 2017 17:40:01 GMT" time="19.061" errors="0">
  <testcase name="login" time="19.061" classname="com.phptravels.testcases.LoginPageTest"/>
</testsuite> <!-- com.phptravels.testcases.LoginPageTest -->
